[2022-05-05 14:32:06,416] {taskinstance.py:1043} INFO - Dependencies all met for <TaskInstance: tutorial_etl_dag.load manual__2022-05-05T14:31:56.550797+00:00 [queued]>
[2022-05-05 14:32:06,441] {taskinstance.py:1043} INFO - Dependencies all met for <TaskInstance: tutorial_etl_dag.load manual__2022-05-05T14:31:56.550797+00:00 [queued]>
[2022-05-05 14:32:06,442] {taskinstance.py:1249} INFO - 
--------------------------------------------------------------------------------
[2022-05-05 14:32:06,443] {taskinstance.py:1250} INFO - Starting attempt 1 of 3
[2022-05-05 14:32:06,443] {taskinstance.py:1251} INFO - 
--------------------------------------------------------------------------------
[2022-05-05 14:32:06,512] {taskinstance.py:1270} INFO - Executing <Task(PythonOperator): load> on 2022-05-05 14:31:56.550797+00:00
[2022-05-05 14:32:06,520] {standard_task_runner.py:52} INFO - Started process 1050 to run task
[2022-05-05 14:32:06,528] {standard_task_runner.py:79} INFO - Running: ['***', 'tasks', 'run', 'tutorial_etl_dag', 'load', 'manual__2022-05-05T14:31:56.550797+00:00', '--job-id', '83', '--raw', '--subdir', '/home/***/.local/lib/python3.7/site-packages/***/example_dags/tutorial_etl_dag.py', '--cfg-path', '/tmp/tmp0rhrnu6f', '--error-file', '/tmp/tmpapj58cbq']
[2022-05-05 14:32:06,529] {standard_task_runner.py:80} INFO - Job 83: Subtask load
[2022-05-05 14:32:06,676] {logging_mixin.py:109} INFO - Running <TaskInstance: tutorial_etl_dag.load manual__2022-05-05T14:31:56.550797+00:00 [running]> on host 70e1e4d83c3a
[2022-05-05 14:32:06,930] {taskinstance.py:1448} INFO - Exporting the following env vars:
AIRFLOW_CTX_DAG_OWNER=***
AIRFLOW_CTX_DAG_ID=tutorial_etl_dag
AIRFLOW_CTX_TASK_ID=load
AIRFLOW_CTX_EXECUTION_DATE=2022-05-05T14:31:56.550797+00:00
AIRFLOW_CTX_DAG_RUN_ID=manual__2022-05-05T14:31:56.550797+00:00
[2022-05-05 14:32:06,985] {logging_mixin.py:109} INFO - {'total_order_value': 1236.7}
[2022-05-05 14:32:06,988] {python.py:175} INFO - Done. Returned value was: None
[2022-05-05 14:32:07,050] {taskinstance.py:1288} INFO - Marking task as SUCCESS. dag_id=tutorial_etl_dag, task_id=load, execution_date=20220505T143156, start_date=20220505T143206, end_date=20220505T143207
[2022-05-05 14:32:07,185] {local_task_job.py:154} INFO - Task exited with return code 0
[2022-05-05 14:32:07,288] {local_task_job.py:264} INFO - 0 downstream tasks scheduled from follow-on schedule check
