[2022-05-05 14:32:00,159] {taskinstance.py:1043} INFO - Dependencies all met for <TaskInstance: tutorial_etl_dag.extract manual__2022-05-05T14:31:56.550797+00:00 [queued]>
[2022-05-05 14:32:00,196] {taskinstance.py:1043} INFO - Dependencies all met for <TaskInstance: tutorial_etl_dag.extract manual__2022-05-05T14:31:56.550797+00:00 [queued]>
[2022-05-05 14:32:00,197] {taskinstance.py:1249} INFO - 
--------------------------------------------------------------------------------
[2022-05-05 14:32:00,199] {taskinstance.py:1250} INFO - Starting attempt 1 of 3
[2022-05-05 14:32:00,200] {taskinstance.py:1251} INFO - 
--------------------------------------------------------------------------------
[2022-05-05 14:32:00,359] {taskinstance.py:1270} INFO - Executing <Task(PythonOperator): extract> on 2022-05-05 14:31:56.550797+00:00
[2022-05-05 14:32:00,371] {standard_task_runner.py:52} INFO - Started process 1046 to run task
[2022-05-05 14:32:00,379] {standard_task_runner.py:79} INFO - Running: ['***', 'tasks', 'run', 'tutorial_etl_dag', 'extract', 'manual__2022-05-05T14:31:56.550797+00:00', '--job-id', '81', '--raw', '--subdir', '/home/***/.local/lib/python3.7/site-packages/***/example_dags/tutorial_etl_dag.py', '--cfg-path', '/tmp/tmp1oh0r1d9', '--error-file', '/tmp/tmpi0yqwanp']
[2022-05-05 14:32:00,380] {standard_task_runner.py:80} INFO - Job 81: Subtask extract
[2022-05-05 14:32:00,564] {logging_mixin.py:109} INFO - Running <TaskInstance: tutorial_etl_dag.extract manual__2022-05-05T14:31:56.550797+00:00 [running]> on host 70e1e4d83c3a
[2022-05-05 14:32:00,991] {taskinstance.py:1448} INFO - Exporting the following env vars:
AIRFLOW_CTX_DAG_OWNER=***
AIRFLOW_CTX_DAG_ID=tutorial_etl_dag
AIRFLOW_CTX_TASK_ID=extract
AIRFLOW_CTX_EXECUTION_DATE=2022-05-05T14:31:56.550797+00:00
AIRFLOW_CTX_DAG_RUN_ID=manual__2022-05-05T14:31:56.550797+00:00
[2022-05-05 14:32:01,107] {python.py:175} INFO - Done. Returned value was: None
[2022-05-05 14:32:01,143] {taskinstance.py:1288} INFO - Marking task as SUCCESS. dag_id=tutorial_etl_dag, task_id=extract, execution_date=20220505T143156, start_date=20220505T143200, end_date=20220505T143201
[2022-05-05 14:32:01,318] {local_task_job.py:154} INFO - Task exited with return code 0
[2022-05-05 14:32:01,493] {local_task_job.py:264} INFO - 1 downstream tasks scheduled from follow-on schedule check
