[2022-05-11 19:51:58,169] {taskinstance.py:1043} INFO - Dependencies all met for <TaskInstance: Smart_ETL_Tool.extract manual__2022-05-11T19:51:54.259046+00:00 [queued]>
[2022-05-11 19:51:58,217] {taskinstance.py:1043} INFO - Dependencies all met for <TaskInstance: Smart_ETL_Tool.extract manual__2022-05-11T19:51:54.259046+00:00 [queued]>
[2022-05-11 19:51:58,219] {taskinstance.py:1249} INFO - 
--------------------------------------------------------------------------------
[2022-05-11 19:51:58,220] {taskinstance.py:1250} INFO - Starting attempt 1 of 1
[2022-05-11 19:51:58,221] {taskinstance.py:1251} INFO - 
--------------------------------------------------------------------------------
[2022-05-11 19:51:58,308] {taskinstance.py:1270} INFO - Executing <Task(PythonOperator): extract> on 2022-05-11 19:51:54.259046+00:00
[2022-05-11 19:51:58,320] {standard_task_runner.py:52} INFO - Started process 4427 to run task
[2022-05-11 19:51:58,331] {standard_task_runner.py:79} INFO - Running: ['***', 'tasks', 'run', 'Smart_ETL_Tool', 'extract', 'manual__2022-05-11T19:51:54.259046+00:00', '--job-id', '163', '--raw', '--subdir', 'DAGS_FOLDER/etl_exemple.py', '--cfg-path', '/tmp/tmp4hg6x3dp', '--error-file', '/tmp/tmpoa6fnloq']
[2022-05-11 19:51:58,334] {standard_task_runner.py:80} INFO - Job 163: Subtask extract
[2022-05-11 19:51:58,605] {logging_mixin.py:109} INFO - Running <TaskInstance: Smart_ETL_Tool.extract manual__2022-05-11T19:51:54.259046+00:00 [running]> on host 0b2ea813f779
[2022-05-11 19:51:58,900] {taskinstance.py:1448} INFO - Exporting the following env vars:
AIRFLOW_CTX_DAG_OWNER=***
AIRFLOW_CTX_DAG_ID=Smart_ETL_Tool
AIRFLOW_CTX_TASK_ID=extract
AIRFLOW_CTX_EXECUTION_DATE=2022-05-11T19:51:54.259046+00:00
AIRFLOW_CTX_DAG_RUN_ID=manual__2022-05-11T19:51:54.259046+00:00
[2022-05-11 19:51:58,904] {logging_mixin.py:109} INFO - done
[2022-05-11 19:51:58,905] {logging_mixin.py:109} INFO - <***.providers.postgres.hooks.postgres.PostgresHook object at 0x7f0f3cf16590>
[2022-05-11 19:51:58,935] {base.py:79} INFO - Using connection to: id: postgres_db. Host: 172.18.0.8, Port: 5432, Schema: postgres, Login: ***, Password: ***, extra: {}
[2022-05-11 19:51:58,989] {logging_mixin.py:109} INFO - Empty DataFrame
Columns: [id]
Index: []
[2022-05-11 19:51:58,990] {python.py:175} INFO - Done. Returned value was: {'id': {}}
[2022-05-11 19:51:59,317] {taskinstance.py:1288} INFO - Marking task as SUCCESS. dag_id=Smart_ETL_Tool, task_id=extract, execution_date=20220511T195154, start_date=20220511T195158, end_date=20220511T195159
[2022-05-11 19:51:59,510] {local_task_job.py:154} INFO - Task exited with return code 0
[2022-05-11 19:51:59,777] {local_task_job.py:264} INFO - 1 downstream tasks scheduled from follow-on schedule check
